<?xml version="1.0" encoding="UTF-8"?>
<testng-results skipped="0" failed="0" total="1" passed="1">
  <reporter-output>
  </reporter-output>
  <suite name="Suite" duration-ms="41" started-at="2022-07-24T07:28:53Z" finished-at="2022-07-24T07:28:53Z">
    <groups>
    </groups>
    <test name="Test" duration-ms="41" started-at="2022-07-24T07:28:53Z" finished-at="2022-07-24T07:28:53Z">
      <class name="pomjenkins.runpomxml.class1">
        <test-method status="PASS" signature="testcase1()[pri:0, instance:pomjenkins.runpomxml.class1@1f0f1111]" name="testcase1" duration-ms="16" started-at="2022-07-24T12:58:53Z" finished-at="2022-07-24T12:58:53Z">
          <reporter-output>
          </reporter-output>
        </test-method> <!-- testcase1 -->
      </class> <!-- pomjenkins.runpomxml.class1 -->
    </test> <!-- Test -->
  </suite> <!-- Suite -->
</testng-results>
